<?xml version="1.0" encoding="UTF-8"?>
<Site BuildName="(empty)"
	BuildStamp="20231116-0823-Experimental"
	Name="(empty)"
	Generator="ctest-3.16.3"
	CompilerName=""
	CompilerVersion=""
	OSName="Linux"
	Hostname="codespaces-ef6e0a"
	OSRelease="6.2.0-1015-azure"
	OSVersion="#15~22.04.1-Ubuntu SMP Fri Oct  6 13:20:44 UTC 2023"
	OSPlatform="x86_64"
	Is64Bits="1"
	VendorString="AuthenticAMD"
	VendorID="Advanced Micro Devices"
	FamilyID="25"
	ModelID="1"
	ProcessorCacheSize="512"
	NumberOfLogicalCPU="4"
	NumberOfPhysicalCPU="2"
	TotalVirtualMemory="0"
	TotalPhysicalMemory="15981"
	LogicalProcessorsPerPhysical="2"
	ProcessorClockFrequency="3240.78"
	>
	<Testing>
		<StartDateTime>Nov 16 08:23 UTC</StartDateTime>
		<StartTestTime>1700123032</StartTestTime>
		<TestList/>
		<EndDateTime>Nov 16 08:23 UTC</EndDateTime>
		<EndTestTime>1700123032</EndTestTime>
		<ElapsedMinutes>0</ElapsedMinutes>
	</Testing>
</Site>
